<?xml version="1.0" encoding="UTF-8"?>
<testng-results ignored="0" total="1" passed="1" failed="0" skipped="0">
  <reporter-output>
  </reporter-output>
  <suite started-at="2022-03-24T07:46:17Z" name="Suite" finished-at="2022-03-24T07:46:33Z" duration-ms="16322">
    <groups>
    </groups>
    <test started-at="2022-03-24T07:46:17Z" name="Test" finished-at="2022-03-24T07:46:33Z" duration-ms="16322">
      <class name="com.lambdaTestApp.android.Android1">
        <test-method signature="basicTest()[pri:0, instance:com.lambdaTestApp.android.Android1@6ac13091]" started-at="2022-03-24T07:46:17Z" name="basicTest" finished-at="2022-03-24T07:46:33Z" duration-ms="16305" status="PASS">
          <reporter-output>
          </reporter-output>
        </test-method> <!-- basicTest -->
      </class> <!-- com.lambdaTestApp.android.Android1 -->
    </test> <!-- Test -->
  </suite> <!-- Suite -->
</testng-results>
